

*******************************************************************************
Thu Apr 25 20:42:29 2024


FIT:    data read from $FITDATA
        format = z
        #datapoints = 303
        residuals are weighted equally (unit weight)

function used for fitting: f(x)
	f(x) = A * cos(o*x + p)
fitted parameters initialized with current variable values

iter      chisq       delta/lim  lambda   A             o             p            
   0 2.5365602901e+03   0.00e+00  7.71e+00    4.500000e-02   7.300000e+00   1.000000e-03
  44 2.5365527684e+03  -9.63e-01  7.71e+02    4.500001e-02   7.299043e+00   1.000000e-03

After 44 iterations the fit converged.
final sum of squares of residuals : 2536.55
rel. change during last iteration : -9.6305e-09

degrees of freedom    (FIT_NDF)                        : 300
rms of residuals      (FIT_STDFIT) = sqrt(WSSR/ndf)    : 2.90778
variance of residuals (reduced chisquare) = WSSR/ndf   : 8.45518

Final set of parameters            Asymptotic Standard Error
=======================            ==========================
A               = 0.045            +/- 0.255        (566.7%)
o               = 7.29904          +/- 0.1812       (2.483%)
p               = 0.001            +/- 10.19        (1.019e+06%)

correlation matrix of the fit parameters:
                A      o      p      
A               1.000 
o               0.382  1.000 
p              -0.323 -0.856  1.000 


*******************************************************************************
Thu Apr 25 20:42:29 2024


FIT:    data read from $FITDATA
        format = z
        #datapoints = 303
        residuals are weighted equally (unit weight)

function used for fitting: f(x)
	f(x) = A * cos(o*x + p)
fitted parameters initialized with current variable values

iter      chisq       delta/lim  lambda   A             o             p            
   0 2.5402914006e+03   0.00e+00  1.20e+01    7.000000e-02   7.300000e+00   3.500000e+00
   6 2.5362392186e+03  -2.91e-01  1.20e+03    6.933524e-02   7.327363e+00   3.434345e+00

After 6 iterations the fit converged.
final sum of squares of residuals : 2536.24
rel. change during last iteration : -2.91165e-09

degrees of freedom    (FIT_NDF)                        : 300
rms of residuals      (FIT_STDFIT) = sqrt(WSSR/ndf)    : 2.9076
variance of residuals (reduced chisquare) = WSSR/ndf   : 8.45413

Final set of parameters            Asymptotic Standard Error
=======================            ==========================
A               = 0.0693352        +/- 0.2548       (367.4%)
o               = 7.32736          +/- 0.1171       (1.598%)
p               = 3.43434          +/- 6.573        (191.4%)

correlation matrix of the fit parameters:
                A      o      p      
A               1.000 
o               0.377  1.000 
p              -0.316 -0.855  1.000 


*******************************************************************************
Thu Apr 25 20:42:30 2024


FIT:    data read from $FITDATA
        format = z
        #datapoints = 303
        residuals are weighted equally (unit weight)

function used for fitting: f(x)
	f(x) = A * cos(o*x + p)
fitted parameters initialized with current variable values

iter      chisq       delta/lim  lambda   A             o             p            
   0 2.5402914006e+03   0.00e+00  1.20e+01    7.000000e-02   7.300000e+00   3.500000e+00
   6 2.5362392186e+03  -2.91e-01  1.20e+03    6.933524e-02   7.327363e+00   3.434345e+00

After 6 iterations the fit converged.
final sum of squares of residuals : 2536.24
rel. change during last iteration : -2.91165e-09

degrees of freedom    (FIT_NDF)                        : 300
rms of residuals      (FIT_STDFIT) = sqrt(WSSR/ndf)    : 2.9076
variance of residuals (reduced chisquare) = WSSR/ndf   : 8.45413

Final set of parameters            Asymptotic Standard Error
=======================            ==========================
A               = 0.0693352        +/- 0.2548       (367.4%)
o               = 7.32736          +/- 0.1171       (1.598%)
p               = 3.43434          +/- 6.573        (191.4%)

correlation matrix of the fit parameters:
                A      o      p      
A               1.000 
o               0.377  1.000 
p              -0.316 -0.855  1.000 


*******************************************************************************
Thu Apr 25 20:42:30 2024


FIT:    data read from $FITDATA
        format = z
        #datapoints = 303
        residuals are weighted equally (unit weight)

function used for fitting: f(x)
	f(x) = A * cos(o*x + p)
fitted parameters initialized with current variable values

iter      chisq       delta/lim  lambda   A             o             p            
   0 2.5371838472e+03   0.00e+00  6.15e+00    5.000000e-02   5.200000e+00   5.800000e+00
  33 2.5365427502e+03  -9.21e-01  6.15e+02    5.000449e-02   5.209787e+00   5.801117e+00

After 33 iterations the fit converged.
final sum of squares of residuals : 2536.54
rel. change during last iteration : -9.2138e-09

degrees of freedom    (FIT_NDF)                        : 300
rms of residuals      (FIT_STDFIT) = sqrt(WSSR/ndf)    : 2.90777
variance of residuals (reduced chisquare) = WSSR/ndf   : 8.45514

Final set of parameters            Asymptotic Standard Error
=======================            ==========================
A               = 0.0500045        +/- 0.2462       (492.4%)
o               = 5.20979          +/- 0.1644       (3.155%)
p               = 5.80112          +/- 9.315        (160.6%)

correlation matrix of the fit parameters:
                A      o      p      
A               1.000 
o               0.283  1.000 
p              -0.248 -0.862  1.000 


*******************************************************************************
Thu Apr 25 20:42:30 2024


FIT:    data read from $FITDATA
        format = z
        #datapoints = 303
        residuals are weighted equally (unit weight)

function used for fitting: f(x)
	f(x) = A * cos(o*x + p)
fitted parameters initialized with current variable values

iter      chisq       delta/lim  lambda   A             o             p            
   0 2.5390117399e+03   0.00e+00  8.94e+00    5.000000e-02   7.700000e+00   1.000000e-02
  41 2.5367942259e+03  -9.86e-01  8.94e+02    4.517082e-02   7.549140e+00   1.096301e-02

After 41 iterations the fit converged.
final sum of squares of residuals : 2536.79
rel. change during last iteration : -9.86111e-09

degrees of freedom    (FIT_NDF)                        : 300
rms of residuals      (FIT_STDFIT) = sqrt(WSSR/ndf)    : 2.90792
variance of residuals (reduced chisquare) = WSSR/ndf   : 8.45598

Final set of parameters            Asymptotic Standard Error
=======================            ==========================
A               = 0.0451708        +/- 0.2564       (567.7%)
o               = 7.54914          +/- 0.1809       (2.396%)
p               = 0.010963         +/- 10.14        (9.252e+04%)

correlation matrix of the fit parameters:
                A      o      p      
A               1.000 
o               0.394  1.000 
p              -0.334 -0.856  1.000 


*******************************************************************************
Thu Apr 25 20:43:35 2024


FIT:    data read from $FITDATA
        format = z
        #datapoints = 303
        residuals are weighted equally (unit weight)

function used for fitting: f(x)
	f(x) = A * cos(o*x + p)
fitted parameters initialized with current variable values

iter      chisq       delta/lim  lambda   A             o             p            
   0 2.5365602901e+03   0.00e+00  7.71e+00    4.500000e-02   7.300000e+00   1.000000e-03
  44 2.5365527684e+03  -9.63e-01  7.71e+02    4.500001e-02   7.299043e+00   1.000000e-03

After 44 iterations the fit converged.
final sum of squares of residuals : 2536.55
rel. change during last iteration : -9.6305e-09

degrees of freedom    (FIT_NDF)                        : 300
rms of residuals      (FIT_STDFIT) = sqrt(WSSR/ndf)    : 2.90778
variance of residuals (reduced chisquare) = WSSR/ndf   : 8.45518

Final set of parameters            Asymptotic Standard Error
=======================            ==========================
A               = 0.045            +/- 0.255        (566.7%)
o               = 7.29904          +/- 0.1812       (2.483%)
p               = 0.001            +/- 10.19        (1.019e+06%)

correlation matrix of the fit parameters:
                A      o      p      
A               1.000 
o               0.382  1.000 
p              -0.323 -0.856  1.000 


*******************************************************************************
Thu Apr 25 20:43:35 2024


FIT:    data read from $FITDATA
        format = z
        #datapoints = 303
        residuals are weighted equally (unit weight)

function used for fitting: f(x)
	f(x) = A * cos(o*x + p)
fitted parameters initialized with current variable values

iter      chisq       delta/lim  lambda   A             o             p            
   0 2.5402914006e+03   0.00e+00  1.20e+01    7.000000e-02   7.300000e+00   3.500000e+00
   6 2.5362392186e+03  -2.91e-01  1.20e+03    6.933524e-02   7.327363e+00   3.434345e+00

After 6 iterations the fit converged.
final sum of squares of residuals : 2536.24
rel. change during last iteration : -2.91165e-09

degrees of freedom    (FIT_NDF)                        : 300
rms of residuals      (FIT_STDFIT) = sqrt(WSSR/ndf)    : 2.9076
variance of residuals (reduced chisquare) = WSSR/ndf   : 8.45413

Final set of parameters            Asymptotic Standard Error
=======================            ==========================
A               = 0.0693352        +/- 0.2548       (367.4%)
o               = 7.32736          +/- 0.1171       (1.598%)
p               = 3.43434          +/- 6.573        (191.4%)

correlation matrix of the fit parameters:
                A      o      p      
A               1.000 
o               0.377  1.000 
p              -0.316 -0.855  1.000 


*******************************************************************************
Thu Apr 25 20:43:36 2024


FIT:    data read from $FITDATA
        format = z
        #datapoints = 303
        residuals are weighted equally (unit weight)

function used for fitting: f(x)
	f(x) = A * cos(o*x + p)
fitted parameters initialized with current variable values

iter      chisq       delta/lim  lambda   A             o             p            
   0 2.5402914006e+03   0.00e+00  1.20e+01    7.000000e-02   7.300000e+00   3.500000e+00
   6 2.5362392186e+03  -2.91e-01  1.20e+03    6.933524e-02   7.327363e+00   3.434345e+00

After 6 iterations the fit converged.
final sum of squares of residuals : 2536.24
rel. change during last iteration : -2.91165e-09

degrees of freedom    (FIT_NDF)                        : 300
rms of residuals      (FIT_STDFIT) = sqrt(WSSR/ndf)    : 2.9076
variance of residuals (reduced chisquare) = WSSR/ndf   : 8.45413

Final set of parameters            Asymptotic Standard Error
=======================            ==========================
A               = 0.0693352        +/- 0.2548       (367.4%)
o               = 7.32736          +/- 0.1171       (1.598%)
p               = 3.43434          +/- 6.573        (191.4%)

correlation matrix of the fit parameters:
                A      o      p      
A               1.000 
o               0.377  1.000 
p              -0.316 -0.855  1.000 


*******************************************************************************
Thu Apr 25 20:43:36 2024


FIT:    data read from $FITDATA
        format = z
        #datapoints = 303
        residuals are weighted equally (unit weight)

function used for fitting: f(x)
	f(x) = A * cos(o*x + p)
fitted parameters initialized with current variable values

iter      chisq       delta/lim  lambda   A             o             p            
   0 2.5371838472e+03   0.00e+00  6.15e+00    5.000000e-02   5.200000e+00   5.800000e+00
  33 2.5365427502e+03  -9.21e-01  6.15e+02    5.000449e-02   5.209787e+00   5.801117e+00

After 33 iterations the fit converged.
final sum of squares of residuals : 2536.54
rel. change during last iteration : -9.2138e-09

degrees of freedom    (FIT_NDF)                        : 300
rms of residuals      (FIT_STDFIT) = sqrt(WSSR/ndf)    : 2.90777
variance of residuals (reduced chisquare) = WSSR/ndf   : 8.45514

Final set of parameters            Asymptotic Standard Error
=======================            ==========================
A               = 0.0500045        +/- 0.2462       (492.4%)
o               = 5.20979          +/- 0.1644       (3.155%)
p               = 5.80112          +/- 9.315        (160.6%)

correlation matrix of the fit parameters:
                A      o      p      
A               1.000 
o               0.283  1.000 
p              -0.248 -0.862  1.000 


*******************************************************************************
Thu Apr 25 20:43:36 2024


FIT:    data read from $FITDATA
        format = z
        #datapoints = 303
        residuals are weighted equally (unit weight)

function used for fitting: f(x)
	f(x) = A * cos(o*x + p)
fitted parameters initialized with current variable values

iter      chisq       delta/lim  lambda   A             o             p            
   0 2.5390117399e+03   0.00e+00  8.94e+00    5.000000e-02   7.700000e+00   1.000000e-02
  41 2.5367942259e+03  -9.86e-01  8.94e+02    4.517082e-02   7.549140e+00   1.096301e-02

After 41 iterations the fit converged.
final sum of squares of residuals : 2536.79
rel. change during last iteration : -9.86111e-09

degrees of freedom    (FIT_NDF)                        : 300
rms of residuals      (FIT_STDFIT) = sqrt(WSSR/ndf)    : 2.90792
variance of residuals (reduced chisquare) = WSSR/ndf   : 8.45598

Final set of parameters            Asymptotic Standard Error
=======================            ==========================
A               = 0.0451708        +/- 0.2564       (567.7%)
o               = 7.54914          +/- 0.1809       (2.396%)
p               = 0.010963         +/- 10.14        (9.252e+04%)

correlation matrix of the fit parameters:
                A      o      p      
A               1.000 
o               0.394  1.000 
p              -0.334 -0.856  1.000 


*******************************************************************************
Thu Apr 25 20:43:53 2024


FIT:    data read from $FITDATA
        format = z
        #datapoints = 303
        residuals are weighted equally (unit weight)

function used for fitting: f(x)
	f(x) = A * cos(o*x + p)
fitted parameters initialized with current variable values

iter      chisq       delta/lim  lambda   A             o             p            
   0 2.5365602901e+03   0.00e+00  7.71e+00    4.500000e-02   7.300000e+00   1.000000e-03
  44 2.5365527684e+03  -9.63e-01  7.71e+02    4.500001e-02   7.299043e+00   1.000000e-03

After 44 iterations the fit converged.
final sum of squares of residuals : 2536.55
rel. change during last iteration : -9.6305e-09

degrees of freedom    (FIT_NDF)                        : 300
rms of residuals      (FIT_STDFIT) = sqrt(WSSR/ndf)    : 2.90778
variance of residuals (reduced chisquare) = WSSR/ndf   : 8.45518

Final set of parameters            Asymptotic Standard Error
=======================            ==========================
A               = 0.045            +/- 0.255        (566.7%)
o               = 7.29904          +/- 0.1812       (2.483%)
p               = 0.001            +/- 10.19        (1.019e+06%)

correlation matrix of the fit parameters:
                A      o      p      
A               1.000 
o               0.382  1.000 
p              -0.323 -0.856  1.000 


*******************************************************************************
Thu Apr 25 20:43:53 2024


FIT:    data read from $FITDATA
        format = z
        #datapoints = 303
        residuals are weighted equally (unit weight)

function used for fitting: f(x)
	f(x) = A * cos(o*x + p)
fitted parameters initialized with current variable values

iter      chisq       delta/lim  lambda   A             o             p            
   0 2.5402914006e+03   0.00e+00  1.20e+01    7.000000e-02   7.300000e+00   3.500000e+00
   6 2.5362392186e+03  -2.91e-01  1.20e+03    6.933524e-02   7.327363e+00   3.434345e+00

After 6 iterations the fit converged.
final sum of squares of residuals : 2536.24
rel. change during last iteration : -2.91165e-09

degrees of freedom    (FIT_NDF)                        : 300
rms of residuals      (FIT_STDFIT) = sqrt(WSSR/ndf)    : 2.9076
variance of residuals (reduced chisquare) = WSSR/ndf   : 8.45413

Final set of parameters            Asymptotic Standard Error
=======================            ==========================
A               = 0.0693352        +/- 0.2548       (367.4%)
o               = 7.32736          +/- 0.1171       (1.598%)
p               = 3.43434          +/- 6.573        (191.4%)

correlation matrix of the fit parameters:
                A      o      p      
A               1.000 
o               0.377  1.000 
p              -0.316 -0.855  1.000 


*******************************************************************************
Thu Apr 25 20:43:53 2024


FIT:    data read from $FITDATA
        format = z
        #datapoints = 303
        residuals are weighted equally (unit weight)

function used for fitting: f(x)
	f(x) = A * cos(o*x + p)
fitted parameters initialized with current variable values

iter      chisq       delta/lim  lambda   A             o             p            
   0 2.5402914006e+03   0.00e+00  1.20e+01    7.000000e-02   7.300000e+00   3.500000e+00
   6 2.5362392186e+03  -2.91e-01  1.20e+03    6.933524e-02   7.327363e+00   3.434345e+00

After 6 iterations the fit converged.
final sum of squares of residuals : 2536.24
rel. change during last iteration : -2.91165e-09

degrees of freedom    (FIT_NDF)                        : 300
rms of residuals      (FIT_STDFIT) = sqrt(WSSR/ndf)    : 2.9076
variance of residuals (reduced chisquare) = WSSR/ndf   : 8.45413

Final set of parameters            Asymptotic Standard Error
=======================            ==========================
A               = 0.0693352        +/- 0.2548       (367.4%)
o               = 7.32736          +/- 0.1171       (1.598%)
p               = 3.43434          +/- 6.573        (191.4%)

correlation matrix of the fit parameters:
                A      o      p      
A               1.000 
o               0.377  1.000 
p              -0.316 -0.855  1.000 


*******************************************************************************
Thu Apr 25 20:43:53 2024


FIT:    data read from $FITDATA
        format = z
        #datapoints = 303
        residuals are weighted equally (unit weight)

function used for fitting: f(x)
	f(x) = A * cos(o*x + p)
fitted parameters initialized with current variable values

iter      chisq       delta/lim  lambda   A             o             p            
   0 2.5371838472e+03   0.00e+00  6.15e+00    5.000000e-02   5.200000e+00   5.800000e+00
  33 2.5365427502e+03  -9.21e-01  6.15e+02    5.000449e-02   5.209787e+00   5.801117e+00

After 33 iterations the fit converged.
final sum of squares of residuals : 2536.54
rel. change during last iteration : -9.2138e-09

degrees of freedom    (FIT_NDF)                        : 300
rms of residuals      (FIT_STDFIT) = sqrt(WSSR/ndf)    : 2.90777
variance of residuals (reduced chisquare) = WSSR/ndf   : 8.45514

Final set of parameters            Asymptotic Standard Error
=======================            ==========================
A               = 0.0500045        +/- 0.2462       (492.4%)
o               = 5.20979          +/- 0.1644       (3.155%)
p               = 5.80112          +/- 9.315        (160.6%)

correlation matrix of the fit parameters:
                A      o      p      
A               1.000 
o               0.283  1.000 
p              -0.248 -0.862  1.000 


*******************************************************************************
Thu Apr 25 20:43:53 2024


FIT:    data read from $FITDATA
        format = z
        #datapoints = 303
        residuals are weighted equally (unit weight)

function used for fitting: f(x)
	f(x) = A * cos(o*x + p)
fitted parameters initialized with current variable values

iter      chisq       delta/lim  lambda   A             o             p            
   0 2.5390117399e+03   0.00e+00  8.94e+00    5.000000e-02   7.700000e+00   1.000000e-02
  41 2.5367942259e+03  -9.86e-01  8.94e+02    4.517082e-02   7.549140e+00   1.096301e-02

After 41 iterations the fit converged.
final sum of squares of residuals : 2536.79
rel. change during last iteration : -9.86111e-09

degrees of freedom    (FIT_NDF)                        : 300
rms of residuals      (FIT_STDFIT) = sqrt(WSSR/ndf)    : 2.90792
variance of residuals (reduced chisquare) = WSSR/ndf   : 8.45598

Final set of parameters            Asymptotic Standard Error
=======================            ==========================
A               = 0.0451708        +/- 0.2564       (567.7%)
o               = 7.54914          +/- 0.1809       (2.396%)
p               = 0.010963         +/- 10.14        (9.252e+04%)

correlation matrix of the fit parameters:
                A      o      p      
A               1.000 
o               0.394  1.000 
p              -0.334 -0.856  1.000 
