

*******************************************************************************
Wed Feb  7 16:14:16 2024


FIT:    data read from 'data.csv' using 5:(abs($2))
        format = x:z
        x range restricted to [0.00000 : 1.50000]
        #datapoints = 348
        residuals are weighted equally (unit weight)

function used for fitting: f(x)
	f(x) = a * x**3 + b * x**2 + c * x + d
fitted parameters initialized with current variable values

iter      chisq       delta/lim  lambda   a             b             c             d            
   0 1.2573342863e+04   0.00e+00  1.02e+00    1.000000e+00   1.000000e+00   1.000000e+00   1.000000e+00
   4 4.0974638507e+00  -2.69e-03  1.02e-04    4.772058e+00  -1.525091e+01   2.132036e+01   4.188437e-01

After 4 iterations the fit converged.
final sum of squares of residuals : 4.09746
rel. change during last iteration : -2.69321e-08

degrees of freedom    (FIT_NDF)                        : 344
rms of residuals      (FIT_STDFIT) = sqrt(WSSR/ndf)    : 0.109139
variance of residuals (reduced chisquare) = WSSR/ndf   : 0.0119112

Final set of parameters            Asymptotic Standard Error
=======================            ==========================
a               = 4.77206          +/- 0.09547      (2.001%)
b               = -15.2509         +/- 0.2151       (1.411%)
c               = 21.3204          +/- 0.1371       (0.6432%)
d               = 0.418844         +/- 0.02346      (5.601%)

correlation matrix of the fit parameters:
                a      b      c      d      
a               1.000 
b              -0.986  1.000 
c               0.917 -0.968  1.000 
d              -0.663  0.746 -0.867  1.000 
